<?xml version="1.0" encoding="UTF-8"?>
<!-- Generated by org.testng.reporters.JUnitReportReporter -->
<testsuite hostname="HP-PAVILION15" failures="0" tests="1" name="appium.appium.AppiumBasics" time="27.348" errors="0" timestamp="2022-08-17T11:38:42 IST" skipped="0">
  <testcase classname="appium.appium.AppiumBasics" name="AppiumTest" time="27.348"/>
  <system-out/>
</testsuite> <!-- appium.appium.AppiumBasics -->
