<?xml version="1.0" encoding="UTF-8"?>
<!-- Generated by org.testng.reporters.JUnitReportReporter -->
<testsuite hostname="HP-PAVILION15" failures="0" tests="1" name="appium.appium.LongPress" time="28.896" errors="0" timestamp="2022-08-17T14:37:24 IST" skipped="0">
  <testcase classname="appium.appium.LongPress" name="Press" time="28.896"/>
  <system-out/>
</testsuite> <!-- appium.appium.LongPress -->
